<?xml version="1.0" encoding="UTF-8"?>
<!-- Generated by org.testng.reporters.JUnitXMLReporter -->
<testsuite ignored="0" hostname="SURAJ" failures="0" tests="3" name="GridTestUsingJenkins" time="7.393" errors="0" timestamp="2023-12-31T18:10:56 IST">
  <testcase classname="seleniumGrid.SeleniumGridTest_Firefox" name="testExample" time="5.807"/>
  <testcase classname="seleniumGrid.SeleniumGridTest_Edge" name="testExample" time="6.46"/>
  <testcase classname="seleniumGrid.SeleniumGridTest_Chrome" name="testExample" time="7.356"/>
</testsuite> <!-- GridTestUsingJenkins -->
