<?xml version="1.0" encoding="UTF-8"?>
<testng-results ignored="0" total="3" passed="3" failed="0" skipped="0">
  <reporter-output>
  </reporter-output>
  <suite started-at="2023-12-31T18:10:49 IST" name="GridTestUsingJenkins" finished-at="2023-12-31T18:10:56 IST" duration-ms="7393">
    <groups>
    </groups>
    <test started-at="2023-12-31T18:10:49 IST" name="GridTestUsingJenkins" finished-at="2023-12-31T18:10:56 IST" duration-ms="7393">
      <class name="seleniumGrid.SeleniumGridTest_Edge">
        <test-method is-config="true" signature="setUp()[pri:0, instance:seleniumGrid.SeleniumGridTest_Edge@3b0090a4]" started-at="2023-12-31T18:10:23 IST" name="setUp" finished-at="2023-12-31T18:10:37 IST" duration-ms="14373" status="PASS">
          <reporter-output>
          </reporter-output>
        </test-method> <!-- setUp -->
        <test-method signature="testExample()[pri:0, instance:seleniumGrid.SeleniumGridTest_Edge@3b0090a4]" started-at="2023-12-31T18:10:49 IST" name="testExample" finished-at="2023-12-31T18:10:55 IST" duration-ms="6460" status="PASS">
          <reporter-output>
          </reporter-output>
        </test-method> <!-- testExample -->
        <test-method is-config="true" signature="tearDown()[pri:0, instance:seleniumGrid.SeleniumGridTest_Edge@3b0090a4]" started-at="2023-12-31T18:10:56 IST" name="tearDown" finished-at="2023-12-31T18:10:57 IST" duration-ms="194" status="PASS">
          <reporter-output>
          </reporter-output>
        </test-method> <!-- tearDown -->
      </class> <!-- seleniumGrid.SeleniumGridTest_Edge -->
      <class name="seleniumGrid.SeleniumGridTest_Chrome">
        <test-method is-config="true" signature="setUp()[pri:0, instance:seleniumGrid.SeleniumGridTest_Chrome@f5958c9]" started-at="2023-12-31T18:10:14 IST" name="setUp" finished-at="2023-12-31T18:10:23 IST" duration-ms="8895" status="PASS">
          <reporter-output>
          </reporter-output>
        </test-method> <!-- setUp -->
        <test-method signature="testExample()[pri:0, instance:seleniumGrid.SeleniumGridTest_Chrome@f5958c9]" started-at="2023-12-31T18:10:49 IST" name="testExample" finished-at="2023-12-31T18:10:56 IST" duration-ms="7356" status="PASS">
          <reporter-output>
          </reporter-output>
        </test-method> <!-- testExample -->
        <test-method is-config="true" signature="tearDown()[pri:0, instance:seleniumGrid.SeleniumGridTest_Chrome@f5958c9]" started-at="2023-12-31T18:10:56 IST" name="tearDown" finished-at="2023-12-31T18:10:56 IST" duration-ms="182" status="PASS">
          <reporter-output>
          </reporter-output>
        </test-method> <!-- tearDown -->
      </class> <!-- seleniumGrid.SeleniumGridTest_Chrome -->
      <class name="seleniumGrid.SeleniumGridTest_Firefox">
        <test-method is-config="true" signature="setUp()[pri:0, instance:seleniumGrid.SeleniumGridTest_Firefox@3cd3e762]" started-at="2023-12-31T18:10:37 IST" name="setUp" finished-at="2023-12-31T18:10:49 IST" duration-ms="11739" status="PASS">
          <reporter-output>
          </reporter-output>
        </test-method> <!-- setUp -->
        <test-method signature="testExample()[pri:0, instance:seleniumGrid.SeleniumGridTest_Firefox@3cd3e762]" started-at="2023-12-31T18:10:49 IST" name="testExample" finished-at="2023-12-31T18:10:55 IST" duration-ms="5807" status="PASS">
          <reporter-output>
          </reporter-output>
        </test-method> <!-- testExample -->
        <test-method is-config="true" signature="tearDown()[pri:0, instance:seleniumGrid.SeleniumGridTest_Firefox@3cd3e762]" started-at="2023-12-31T18:10:57 IST" name="tearDown" finished-at="2023-12-31T18:10:58 IST" duration-ms="1119" status="PASS">
          <reporter-output>
          </reporter-output>
        </test-method> <!-- tearDown -->
      </class> <!-- seleniumGrid.SeleniumGridTest_Firefox -->
    </test> <!-- GridTestUsingJenkins -->
  </suite> <!-- GridTestUsingJenkins -->
</testng-results>
